DRS-APP/myBluetooth/build/intermediates/manifest_merge_blame_file/release/manifest-merger-blame-release-report.txt
1<?xml version="1.0" encoding="utf-8"?>
2<manifest xmlns:android="http://schemas.android.com/apk/res/android"
3    package="com.loumeng.Bluetooth"
4    android:versionCode="1"
5    android:versionName="1.0" >
6
7    <uses-sdk
7-->src\main\AndroidManifest.xml:8:5-47
8        android:minSdkVersion="15"
8-->src\main\AndroidManifest.xml:8:5-47
9        android:targetSdkVersion="16" />
9-->src\main\AndroidManifest.xml:8:15-44
10
11    <uses-permission android:name="android.permission.BLUETOOTH_ADMIN" />
11-->src\main\AndroidManifest.xml:10:5-74
11-->src\main\AndroidManifest.xml:10:22-71
12    <uses-permission android:name="android.permission.BLUETOOTH" />
12-->src\main\AndroidManifest.xml:11:5-68
12-->src\main\AndroidManifest.xml:11:22-65
13    <uses-permission android:name="android.permission.MOUNT_UNMOUNT_FILESYSTEMS" />
13-->src\main\AndroidManifest.xml:12:5-84
13-->src\main\AndroidManifest.xml:12:22-81
14    <uses-permission android:name="android.permission.WRITE_EXTERNAL_STORAGE" />
14-->src\main\AndroidManifest.xml:13:5-81
14-->src\main\AndroidManifest.xml:13:22-78
15    <uses-permission android:name="android.permission.ACCESS_WIFI_STATE" />
15-->src\main\AndroidManifest.xml:14:5-75
15-->src\main\AndroidManifest.xml:14:22-73
16    <uses-permission android:name="android.permission.INTERNET" />
16-->src\main\AndroidManifest.xml:15:5-66
16-->src\main\AndroidManifest.xml:15:22-64
17    <uses-permission android:name="android.permission.READ_PHONE_STATE" />
17-->src\main\AndroidManifest.xml:16:5-75
17-->src\main\AndroidManifest.xml:16:22-72
18
19    <application
19-->src\main\AndroidManifest.xml:18:5-48:19
20        android:icon="@drawable/app_incon_bluetooth"
20-->src\main\AndroidManifest.xml:19:9-53
21        android:label="蓝牙串口助手"
21-->src\main\AndroidManifest.xml:20:9-31
22        android:theme="@style/ctivityTheme" >
22-->src\main\AndroidManifest.xml:21:9-44
23        <activity
23-->src\main\AndroidManifest.xml:23:9-33:20
24            android:name="com.loumeng.activity.BluetoothChat"
24-->src\main\AndroidManifest.xml:24:13-62
25            android:configChanges="orientation|keyboardHidden"
25-->src\main\AndroidManifest.xml:25:13-63
26            android:label="@string/app_name"
26-->src\main\AndroidManifest.xml:26:13-45
27            android:theme="@style/ctivityTheme" >
27-->src\main\AndroidManifest.xml:27:13-48
28            <intent-filter>
28-->src\main\AndroidManifest.xml:29:13-32:29
29                <action android:name="android.intent.action.MAIN" />
29-->src\main\AndroidManifest.xml:30:17-69
29-->src\main\AndroidManifest.xml:30:25-66
30
31                <category android:name="android.intent.category.LAUNCHER" />
31-->src\main\AndroidManifest.xml:31:17-77
31-->src\main\AndroidManifest.xml:31:27-74
32            </intent-filter>
33        </activity>
34        <activity
34-->src\main\AndroidManifest.xml:35:9-39:59
35            android:name="com.loumeng.Bluetooth.DeviceListActivity"
35-->src\main\AndroidManifest.xml:36:13-68
36            android:configChanges="orientation|keyboardHidden"
36-->src\main\AndroidManifest.xml:37:13-63
37            android:theme="@android:style/Theme.Dialog" />
37-->src\main\AndroidManifest.xml:39:13-56
38        <activity android:name="com.loumeng.Bluetooth.Root" />
38-->src\main\AndroidManifest.xml:43:11-44
38-->src\main\AndroidManifest.xml:43:21-41
39        <activity android:name="com.loumeng.Bluetooth.Resolution" />
39-->src\main\AndroidManifest.xml:44:11-50
39-->src\main\AndroidManifest.xml:44:21-47
40    </application>
41
42</manifest>